0 info it worked if it ends with ok
1 verbose cli [ 'node',
1 verbose cli   '/Users/ebubekirogden/.meteor/packages/meteor-tool/1.3.2_4/mt-os.osx.x86_64/dev_bundle/bin/npm',
1 verbose cli   'install',
1 verbose cli   '--save',
1 verbose cli   'reactive-method' ]
2 info using npm@2.14.22
3 info using node@v0.10.43
4 verbose node symlink /Users/ebubekirogden/.meteor/packages/meteor-tool/1.3.2_4/mt-os.osx.x86_64/dev_bundle/bin/node
5 verbose install initial load of /Users/ebubekirogden/MeteorProjects/ozeldeOku/package.json
6 verbose readDependencies loading dependencies from /Users/ebubekirogden/MeteorProjects/ozeldeOku/package.json
7 silly cache add args [ 'reactive-method', null ]
8 verbose cache add spec reactive-method
9 silly cache add parsed spec { raw: 'reactive-method',
9 silly cache add   scope: null,
9 silly cache add   name: 'reactive-method',
9 silly cache add   rawSpec: '',
9 silly cache add   spec: 'latest',
9 silly cache add   type: 'tag' }
10 silly addNamed reactive-method@latest
11 verbose addNamed "latest" is being treated as a dist-tag for reactive-method
12 info addNameTag [ 'reactive-method', 'latest' ]
13 silly mapToRegistry name reactive-method
14 silly mapToRegistry using default registry
15 silly mapToRegistry registry https://registry.npmjs.org/
16 silly mapToRegistry uri https://registry.npmjs.org/reactive-method
17 verbose addNameTag registry:https://registry.npmjs.org/reactive-method not in flight; fetching
18 verbose request uri https://registry.npmjs.org/reactive-method
19 verbose request no auth needed
20 info attempt registry request try #1 at 20:55:48
21 verbose request id 9556715852bac7a0
22 http request GET https://registry.npmjs.org/reactive-method
23 http 404 https://registry.npmjs.org/reactive-method
24 verbose headers { 'content-type': 'application/json',
24 verbose headers   'cache-control': 'max-age=0',
24 verbose headers   'content-length': '2',
24 verbose headers   'accept-ranges': 'bytes',
24 verbose headers   date: 'Tue, 23 Aug 2016 17:46:21 GMT',
24 verbose headers   via: '1.1 varnish',
24 verbose headers   age: '0',
24 verbose headers   connection: 'keep-alive',
24 verbose headers   'x-served-by': 'cache-lcy1122-LCY',
24 verbose headers   'x-cache': 'MISS',
24 verbose headers   'x-cache-hits': '0',
24 verbose headers   'x-timer': 'S1471974380.835113,VS0,VE179',
24 verbose headers   vary: 'Accept-Encoding' }
25 silly get cb [ 404,
25 silly get   { 'content-type': 'application/json',
25 silly get     'cache-control': 'max-age=0',
25 silly get     'content-length': '2',
25 silly get     'accept-ranges': 'bytes',
25 silly get     date: 'Tue, 23 Aug 2016 17:46:21 GMT',
25 silly get     via: '1.1 varnish',
25 silly get     age: '0',
25 silly get     connection: 'keep-alive',
25 silly get     'x-served-by': 'cache-lcy1122-LCY',
25 silly get     'x-cache': 'MISS',
25 silly get     'x-cache-hits': '0',
25 silly get     'x-timer': 'S1471974380.835113,VS0,VE179',
25 silly get     vary: 'Accept-Encoding' } ]
26 verbose stack Error: Registry returned 404 for GET on https://registry.npmjs.org/reactive-method
26 verbose stack     at makeError (/Users/ebubekirogden/.meteor/packages/meteor-tool/.1.3.2_4.14fjavg++os.osx.x86_64+web.browser+web.cordova/mt-os.osx.x86_64/dev_bundle/lib/node_modules/npm/node_modules/npm-registry-client/lib/request.js:264:12)
26 verbose stack     at CachingRegistryClient.<anonymous> (/Users/ebubekirogden/.meteor/packages/meteor-tool/.1.3.2_4.14fjavg++os.osx.x86_64+web.browser+web.cordova/mt-os.osx.x86_64/dev_bundle/lib/node_modules/npm/node_modules/npm-registry-client/lib/request.js:242:14)
26 verbose stack     at Request._callback (/Users/ebubekirogden/.meteor/packages/meteor-tool/.1.3.2_4.14fjavg++os.osx.x86_64+web.browser+web.cordova/mt-os.osx.x86_64/dev_bundle/lib/node_modules/npm/node_modules/npm-registry-client/lib/request.js:172:14)
26 verbose stack     at Request.self.callback (/Users/ebubekirogden/.meteor/packages/meteor-tool/.1.3.2_4.14fjavg++os.osx.x86_64+web.browser+web.cordova/mt-os.osx.x86_64/dev_bundle/lib/node_modules/npm/node_modules/request/request.js:199:22)
26 verbose stack     at Request.emit (events.js:98:17)
26 verbose stack     at Request.<anonymous> (/Users/ebubekirogden/.meteor/packages/meteor-tool/.1.3.2_4.14fjavg++os.osx.x86_64+web.browser+web.cordova/mt-os.osx.x86_64/dev_bundle/lib/node_modules/npm/node_modules/request/request.js:1036:10)
26 verbose stack     at Request.emit (events.js:117:20)
26 verbose stack     at IncomingMessage.<anonymous> (/Users/ebubekirogden/.meteor/packages/meteor-tool/.1.3.2_4.14fjavg++os.osx.x86_64+web.browser+web.cordova/mt-os.osx.x86_64/dev_bundle/lib/node_modules/npm/node_modules/request/request.js:963:12)
26 verbose stack     at IncomingMessage.emit (events.js:117:20)
26 verbose stack     at _stream_readable.js:944:16
27 verbose statusCode 404
28 verbose pkgid reactive-method
29 verbose cwd /Users/ebubekirogden/MeteorProjects/ozeldeOku
30 error Darwin 15.4.0
31 error argv "node" "/Users/ebubekirogden/.meteor/packages/meteor-tool/1.3.2_4/mt-os.osx.x86_64/dev_bundle/bin/npm" "install" "--save" "reactive-method"
32 error node v0.10.43
33 error npm  v2.14.22
34 error code E404
35 error 404 Registry returned 404 for GET on https://registry.npmjs.org/reactive-method
35 error 404
35 error 404 'reactive-method' is not in the npm registry.
35 error 404 You should bug the author to publish it (or use the name yourself!)
35 error 404 It was specified as a dependency of 'ozeldeOku'
35 error 404
35 error 404 Note that you can also install from a
35 error 404 tarball, folder, http url, or git url.
36 verbose exit [ 1, true ]
